
> storefront-new@0.1.0 dev:webpack
> next dev

 ⚠ Port 3000 is in use, trying 3001 instead.
   ▲ Next.js 14.0.3
   - Local:        http://localhost:3001
   - Environments: .env.local, .env

 ✓ Ready in 1335ms
 ✓ Compiled /middleware in 472ms (56 modules)
 ○ Compiling /not-found ...
 ✓ Compiled /not-found in 1026ms (1567 modules)
(node:362) [DEP0060] DeprecationWarning: The `util._extend` API is deprecated. Please use Object.assign() instead.
(Use `node --trace-deprecation ...` to show where the warning was created)
 ✓ Compiled in 332ms (56 modules)
Failed to proxy http://localhost:9000/store/carts/cart_uNcNcAtu AggregateError [ECONNREFUSED]: 
    at internalConnectMultiple (node:net:1139:18)
    at afterConnectMultiple (node:net:1714:7)
    at TCPConnectWrap.callbackTrampoline (node:internal/async_hooks:130:17) {
  code: 'ECONNREFUSED',
  [errors]: [
    Error: connect ECONNREFUSED ::1:9000
        at createConnectionError (node:net:1677:14)
        at afterConnectMultiple (node:net:1707:16)
        at TCPConnectWrap.callbackTrampoline (node:internal/async_hooks:130:17) {
      errno: -61,
      code: 'ECONNREFUSED',
      syscall: 'connect',
      address: '::1',
      port: 9000
    },
    Error: connect ECONNREFUSED 127.0.0.1:9000
        at createConnectionError (node:net:1677:14)
        at afterConnectMultiple (node:net:1707:16)
        at TCPConnectWrap.callbackTrampoline (node:internal/async_hooks:130:17) {
      errno: -61,
      code: 'ECONNREFUSED',
      syscall: 'connect',
      address: '127.0.0.1',
      port: 9000
    }
  ]
}
AggregateError [ECONNREFUSED]: 
    at internalConnectMultiple (node:net:1139:18)
    at afterConnectMultiple (node:net:1714:7)
    at TCPConnectWrap.callbackTrampoline (node:internal/async_hooks:130:17) {
  code: 'ECONNREFUSED',
  [errors]: [
    Error: connect ECONNREFUSED ::1:9000
        at createConnectionError (node:net:1677:14)
        at afterConnectMultiple (node:net:1707:16)
        at TCPConnectWrap.callbackTrampoline (node:internal/async_hooks:130:17) {
      errno: -61,
      code: 'ECONNREFUSED',
      syscall: 'connect',
      address: '::1',
      port: 9000
    },
    Error: connect ECONNREFUSED 127.0.0.1:9000
        at createConnectionError (node:net:1677:14)
        at afterConnectMultiple (node:net:1707:16)
        at TCPConnectWrap.callbackTrampoline (node:internal/async_hooks:130:17) {
      errno: -61,
      code: 'ECONNREFUSED',
      syscall: 'connect',
      address: '127.0.0.1',
      port: 9000
    }
  ]
}
Failed to proxy http://localhost:9000/store/carts/cart_uNcNcAtu AggregateError [ECONNREFUSED]: 
    at internalConnectMultiple (node:net:1139:18)
    at afterConnectMultiple (node:net:1714:7)
    at TCPConnectWrap.callbackTrampoline (node:internal/async_hooks:130:17) {
  code: 'ECONNREFUSED',
  [errors]: [
    Error: connect ECONNREFUSED ::1:9000
        at createConnectionError (node:net:1677:14)
        at afterConnectMultiple (node:net:1707:16)
        at TCPConnectWrap.callbackTrampoline (node:internal/async_hooks:130:17) {
      errno: -61,
      code: 'ECONNREFUSED',
      syscall: 'connect',
      address: '::1',
      port: 9000
    },
    Error: connect ECONNREFUSED 127.0.0.1:9000
        at createConnectionError (node:net:1677:14)
        at afterConnectMultiple (node:net:1707:16)
        at TCPConnectWrap.callbackTrampoline (node:internal/async_hooks:130:17) {
      errno: -61,
      code: 'ECONNREFUSED',
      syscall: 'connect',
      address: '127.0.0.1',
      port: 9000
    }
  ]
}
AggregateError [ECONNREFUSED]: 
    at internalConnectMultiple (node:net:1139:18)
    at afterConnectMultiple (node:net:1714:7)
    at TCPConnectWrap.callbackTrampoline (node:internal/async_hooks:130:17) {
  code: 'ECONNREFUSED',
  [errors]: [
    Error: connect ECONNREFUSED ::1:9000
        at createConnectionError (node:net:1677:14)
        at afterConnectMultiple (node:net:1707:16)
        at TCPConnectWrap.callbackTrampoline (node:internal/async_hooks:130:17) {
      errno: -61,
      code: 'ECONNREFUSED',
      syscall: 'connect',
      address: '::1',
      port: 9000
    },
    Error: connect ECONNREFUSED 127.0.0.1:9000
        at createConnectionError (node:net:1677:14)
        at afterConnectMultiple (node:net:1707:16)
        at TCPConnectWrap.callbackTrampoline (node:internal/async_hooks:130:17) {
      errno: -61,
      code: 'ECONNREFUSED',
      syscall: 'connect',
      address: '127.0.0.1',
      port: 9000
    }
  ]
}
 ○ Compiling /_error ...
Failed to proxy http://localhost:9000/store/carts AggregateError [ECONNREFUSED]: 
    at internalConnectMultiple (node:net:1139:18)
    at afterConnectMultiple (node:net:1714:7)
    at TCPConnectWrap.callbackTrampoline (node:internal/async_hooks:130:17) {
  code: 'ECONNREFUSED',
  [errors]: [
    Error: connect ECONNREFUSED ::1:9000
        at createConnectionError (node:net:1677:14)
        at afterConnectMultiple (node:net:1707:16)
        at TCPConnectWrap.callbackTrampoline (node:internal/async_hooks:130:17) {
      errno: -61,
      code: 'ECONNREFUSED',
      syscall: 'connect',
      address: '::1',
      port: 9000
    },
    Error: connect ECONNREFUSED 127.0.0.1:9000
        at createConnectionError (node:net:1677:14)
        at afterConnectMultiple (node:net:1707:16)
        at TCPConnectWrap.callbackTrampoline (node:internal/async_hooks:130:17) {
      errno: -61,
      code: 'ECONNREFUSED',
      syscall: 'connect',
      address: '127.0.0.1',
      port: 9000
    }
  ]
}
AggregateError [ECONNREFUSED]: 
    at internalConnectMultiple (node:net:1139:18)
    at afterConnectMultiple (node:net:1714:7)
    at TCPConnectWrap.callbackTrampoline (node:internal/async_hooks:130:17) {
  code: 'ECONNREFUSED',
  [errors]: [
    Error: connect ECONNREFUSED ::1:9000
        at createConnectionError (node:net:1677:14)
        at afterConnectMultiple (node:net:1707:16)
        at TCPConnectWrap.callbackTrampoline (node:internal/async_hooks:130:17) {
      errno: -61,
      code: 'ECONNREFUSED',
      syscall: 'connect',
      address: '::1',
      port: 9000
    },
    Error: connect ECONNREFUSED 127.0.0.1:9000
        at createConnectionError (node:net:1677:14)
        at afterConnectMultiple (node:net:1707:16)
        at TCPConnectWrap.callbackTrampoline (node:internal/async_hooks:130:17) {
      errno: -61,
      code: 'ECONNREFUSED',
      syscall: 'connect',
      address: '127.0.0.1',
      port: 9000
    }
  ]
}
Failed to proxy http://localhost:9000/store/carts AggregateError [ECONNREFUSED]: 
    at internalConnectMultiple (node:net:1139:18)
    at afterConnectMultiple (node:net:1714:7)
    at TCPConnectWrap.callbackTrampoline (node:internal/async_hooks:130:17) {
  code: 'ECONNREFUSED',
  [errors]: [
    Error: connect ECONNREFUSED ::1:9000
        at createConnectionError (node:net:1677:14)
        at afterConnectMultiple (node:net:1707:16)
        at TCPConnectWrap.callbackTrampoline (node:internal/async_hooks:130:17) {
      errno: -61,
      code: 'ECONNREFUSED',
      syscall: 'connect',
      address: '::1',
      port: 9000
    },
    Error: connect ECONNREFUSED 127.0.0.1:9000
        at createConnectionError (node:net:1677:14)
        at afterConnectMultiple (node:net:1707:16)
        at TCPConnectWrap.callbackTrampoline (node:internal/async_hooks:130:17) {
      errno: -61,
      code: 'ECONNREFUSED',
      syscall: 'connect',
      address: '127.0.0.1',
      port: 9000
    }
  ]
}
AggregateError [ECONNREFUSED]: 
    at internalConnectMultiple (node:net:1139:18)
    at afterConnectMultiple (node:net:1714:7)
    at TCPConnectWrap.callbackTrampoline (node:internal/async_hooks:130:17) {
  code: 'ECONNREFUSED',
  [errors]: [
    Error: connect ECONNREFUSED ::1:9000
        at createConnectionError (node:net:1677:14)
        at afterConnectMultiple (node:net:1707:16)
        at TCPConnectWrap.callbackTrampoline (node:internal/async_hooks:130:17) {
      errno: -61,
      code: 'ECONNREFUSED',
      syscall: 'connect',
      address: '::1',
      port: 9000
    },
    Error: connect ECONNREFUSED 127.0.0.1:9000
        at createConnectionError (node:net:1677:14)
        at afterConnectMultiple (node:net:1707:16)
        at TCPConnectWrap.callbackTrampoline (node:internal/async_hooks:130:17) {
      errno: -61,
      code: 'ECONNREFUSED',
      syscall: 'connect',
      address: '127.0.0.1',
      port: 9000
    }
  ]
}
 ✓ Compiled /_error in 1314ms (1733 modules)
Failed to proxy http://localhost:9000/store/carts/cart_yCUEfFD7 AggregateError [ECONNREFUSED]: 
    at internalConnectMultiple (node:net:1139:18)
    at afterConnectMultiple (node:net:1714:7)
    at TCPConnectWrap.callbackTrampoline (node:internal/async_hooks:130:17) {
  code: 'ECONNREFUSED',
  [errors]: [
    Error: connect ECONNREFUSED ::1:9000
        at createConnectionError (node:net:1677:14)
        at afterConnectMultiple (node:net:1707:16)
        at TCPConnectWrap.callbackTrampoline (node:internal/async_hooks:130:17) {
      errno: -61,
      code: 'ECONNREFUSED',
      syscall: 'connect',
      address: '::1',
      port: 9000
    },
    Error: connect ECONNREFUSED 127.0.0.1:9000
        at createConnectionError (node:net:1677:14)
        at afterConnectMultiple (node:net:1707:16)
        at TCPConnectWrap.callbackTrampoline (node:internal/async_hooks:130:17) {
      errno: -61,
      code: 'ECONNREFUSED',
      syscall: 'connect',
      address: '127.0.0.1',
      port: 9000
    }
  ]
}
AggregateError [ECONNREFUSED]: 
    at internalConnectMultiple (node:net:1139:18)
    at afterConnectMultiple (node:net:1714:7)
    at TCPConnectWrap.callbackTrampoline (node:internal/async_hooks:130:17) {
  code: 'ECONNREFUSED',
  [errors]: [
    Error: connect ECONNREFUSED ::1:9000
        at createConnectionError (node:net:1677:14)
        at afterConnectMultiple (node:net:1707:16)
        at TCPConnectWrap.callbackTrampoline (node:internal/async_hooks:130:17) {
      errno: -61,
      code: 'ECONNREFUSED',
      syscall: 'connect',
      address: '::1',
      port: 9000
    },
    Error: connect ECONNREFUSED 127.0.0.1:9000
        at createConnectionError (node:net:1677:14)
        at afterConnectMultiple (node:net:1707:16)
        at TCPConnectWrap.callbackTrampoline (node:internal/async_hooks:130:17) {
      errno: -61,
      code: 'ECONNREFUSED',
      syscall: 'connect',
      address: '127.0.0.1',
      port: 9000
    }
  ]
}
Failed to proxy http://localhost:9000/store/carts/cart_yCUEfFD7 AggregateError [ECONNREFUSED]: 
    at internalConnectMultiple (node:net:1139:18)
    at afterConnectMultiple (node:net:1714:7)
    at TCPConnectWrap.callbackTrampoline (node:internal/async_hooks:130:17) {
  code: 'ECONNREFUSED',
  [errors]: [
    Error: connect ECONNREFUSED ::1:9000
        at createConnectionError (node:net:1677:14)
        at afterConnectMultiple (node:net:1707:16)
        at TCPConnectWrap.callbackTrampoline (node:internal/async_hooks:130:17) {
      errno: -61,
      code: 'ECONNREFUSED',
      syscall: 'connect',
      address: '::1',
      port: 9000
    },
    Error: connect ECONNREFUSED 127.0.0.1:9000
        at createConnectionError (node:net:1677:14)
        at afterConnectMultiple (node:net:1707:16)
        at TCPConnectWrap.callbackTrampoline (node:internal/async_hooks:130:17) {
      errno: -61,
      code: 'ECONNREFUSED',
      syscall: 'connect',
      address: '127.0.0.1',
      port: 9000
    }
  ]
}
AggregateError [ECONNREFUSED]: 
    at internalConnectMultiple (node:net:1139:18)
    at afterConnectMultiple (node:net:1714:7)
    at TCPConnectWrap.callbackTrampoline (node:internal/async_hooks:130:17) {
  code: 'ECONNREFUSED',
  [errors]: [
    Error: connect ECONNREFUSED ::1:9000
        at createConnectionError (node:net:1677:14)
        at afterConnectMultiple (node:net:1707:16)
        at TCPConnectWrap.callbackTrampoline (node:internal/async_hooks:130:17) {
      errno: -61,
      code: 'ECONNREFUSED',
      syscall: 'connect',
      address: '::1',
      port: 9000
    },
    Error: connect ECONNREFUSED 127.0.0.1:9000
        at createConnectionError (node:net:1677:14)
        at afterConnectMultiple (node:net:1707:16)
        at TCPConnectWrap.callbackTrampoline (node:internal/async_hooks:130:17) {
      errno: -61,
      code: 'ECONNREFUSED',
      syscall: 'connect',
      address: '127.0.0.1',
      port: 9000
    }
  ]
}
Failed to proxy http://localhost:9000/store/carts AggregateError [ECONNREFUSED]: 
    at internalConnectMultiple (node:net:1139:18)
    at afterConnectMultiple (node:net:1714:7)
    at TCPConnectWrap.callbackTrampoline (node:internal/async_hooks:130:17) {
  code: 'ECONNREFUSED',
  [errors]: [
    Error: connect ECONNREFUSED ::1:9000
        at createConnectionError (node:net:1677:14)
        at afterConnectMultiple (node:net:1707:16)
        at TCPConnectWrap.callbackTrampoline (node:internal/async_hooks:130:17) {
      errno: -61,
      code: 'ECONNREFUSED',
      syscall: 'connect',
      address: '::1',
      port: 9000
    },
    Error: connect ECONNREFUSED 127.0.0.1:9000
        at createConnectionError (node:net:1677:14)
        at afterConnectMultiple (node:net:1707:16)
        at TCPConnectWrap.callbackTrampoline (node:internal/async_hooks:130:17) {
      errno: -61,
      code: 'ECONNREFUSED',
      syscall: 'connect',
      address: '127.0.0.1',
      port: 9000
    }
  ]
}
AggregateError [ECONNREFUSED]: 
    at internalConnectMultiple (node:net:1139:18)
    at afterConnectMultiple (node:net:1714:7)
    at TCPConnectWrap.callbackTrampoline (node:internal/async_hooks:130:17) {
  code: 'ECONNREFUSED',
  [errors]: [
    Error: connect ECONNREFUSED ::1:9000
        at createConnectionError (node:net:1677:14)
        at afterConnectMultiple (node:net:1707:16)
        at TCPConnectWrap.callbackTrampoline (node:internal/async_hooks:130:17) {
      errno: -61,
      code: 'ECONNREFUSED',
      syscall: 'connect',
      address: '::1',
      port: 9000
    },
    Error: connect ECONNREFUSED 127.0.0.1:9000
        at createConnectionError (node:net:1677:14)
        at afterConnectMultiple (node:net:1707:16)
        at TCPConnectWrap.callbackTrampoline (node:internal/async_hooks:130:17) {
      errno: -61,
      code: 'ECONNREFUSED',
      syscall: 'connect',
      address: '127.0.0.1',
      port: 9000
    }
  ]
}
Failed to proxy http://localhost:9000/store/carts AggregateError [ECONNREFUSED]: 
    at internalConnectMultiple (node:net:1139:18)
    at afterConnectMultiple (node:net:1714:7)
    at TCPConnectWrap.callbackTrampoline (node:internal/async_hooks:130:17) {
  code: 'ECONNREFUSED',
  [errors]: [
    Error: connect ECONNREFUSED ::1:9000
        at createConnectionError (node:net:1677:14)
        at afterConnectMultiple (node:net:1707:16)
        at TCPConnectWrap.callbackTrampoline (node:internal/async_hooks:130:17) {
      errno: -61,
      code: 'ECONNREFUSED',
      syscall: 'connect',
      address: '::1',
      port: 9000
    },
    Error: connect ECONNREFUSED 127.0.0.1:9000
        at createConnectionError (node:net:1677:14)
        at afterConnectMultiple (node:net:1707:16)
        at TCPConnectWrap.callbackTrampoline (node:internal/async_hooks:130:17) {
      errno: -61,
      code: 'ECONNREFUSED',
      syscall: 'connect',
      address: '127.0.0.1',
      port: 9000
    }
  ]
}
AggregateError [ECONNREFUSED]: 
    at internalConnectMultiple (node:net:1139:18)
    at afterConnectMultiple (node:net:1714:7)
    at TCPConnectWrap.callbackTrampoline (node:internal/async_hooks:130:17) {
  code: 'ECONNREFUSED',
  [errors]: [
    Error: connect ECONNREFUSED ::1:9000
        at createConnectionError (node:net:1677:14)
        at afterConnectMultiple (node:net:1707:16)
        at TCPConnectWrap.callbackTrampoline (node:internal/async_hooks:130:17) {
      errno: -61,
      code: 'ECONNREFUSED',
      syscall: 'connect',
      address: '::1',
      port: 9000
    },
    Error: connect ECONNREFUSED 127.0.0.1:9000
        at createConnectionError (node:net:1677:14)
        at afterConnectMultiple (node:net:1707:16)
        at TCPConnectWrap.callbackTrampoline (node:internal/async_hooks:130:17) {
      errno: -61,
      code: 'ECONNREFUSED',
      syscall: 'connect',
      address: '127.0.0.1',
      port: 9000
    }
  ]
}
Failed to proxy http://localhost:9000/store/carts/cart_jXuGYGgI AggregateError [ECONNREFUSED]: 
    at internalConnectMultiple (node:net:1139:18)
    at afterConnectMultiple (node:net:1714:7)
    at TCPConnectWrap.callbackTrampoline (node:internal/async_hooks:130:17) {
  code: 'ECONNREFUSED',
  [errors]: [
    Error: connect ECONNREFUSED ::1:9000
        at createConnectionError (node:net:1677:14)
        at afterConnectMultiple (node:net:1707:16)
        at TCPConnectWrap.callbackTrampoline (node:internal/async_hooks:130:17) {
      errno: -61,
      code: 'ECONNREFUSED',
      syscall: 'connect',
      address: '::1',
      port: 9000
    },
    Error: connect ECONNREFUSED 127.0.0.1:9000
        at createConnectionError (node:net:1677:14)
        at afterConnectMultiple (node:net:1707:16)
        at TCPConnectWrap.callbackTrampoline (node:internal/async_hooks:130:17) {
      errno: -61,
      code: 'ECONNREFUSED',
      syscall: 'connect',
      address: '127.0.0.1',
      port: 9000
    }
  ]
}
AggregateError [ECONNREFUSED]: 
    at internalConnectMultiple (node:net:1139:18)
    at afterConnectMultiple (node:net:1714:7)
    at TCPConnectWrap.callbackTrampoline (node:internal/async_hooks:130:17) {
  code: 'ECONNREFUSED',
  [errors]: [
    Error: connect ECONNREFUSED ::1:9000
        at createConnectionError (node:net:1677:14)
        at afterConnectMultiple (node:net:1707:16)
        at TCPConnectWrap.callbackTrampoline (node:internal/async_hooks:130:17) {
      errno: -61,
      code: 'ECONNREFUSED',
      syscall: 'connect',
      address: '::1',
      port: 9000
    },
    Error: connect ECONNREFUSED 127.0.0.1:9000
        at createConnectionError (node:net:1677:14)
        at afterConnectMultiple (node:net:1707:16)
        at TCPConnectWrap.callbackTrampoline (node:internal/async_hooks:130:17) {
      errno: -61,
      code: 'ECONNREFUSED',
      syscall: 'connect',
      address: '127.0.0.1',
      port: 9000
    }
  ]
}
Failed to proxy http://localhost:9000/store/carts/cart_jXuGYGgI AggregateError [ECONNREFUSED]: 
    at internalConnectMultiple (node:net:1139:18)
    at afterConnectMultiple (node:net:1714:7)
    at TCPConnectWrap.callbackTrampoline (node:internal/async_hooks:130:17) {
  code: 'ECONNREFUSED',
  [errors]: [
    Error: connect ECONNREFUSED ::1:9000
        at createConnectionError (node:net:1677:14)
        at afterConnectMultiple (node:net:1707:16)
        at TCPConnectWrap.callbackTrampoline (node:internal/async_hooks:130:17) {
      errno: -61,
      code: 'ECONNREFUSED',
      syscall: 'connect',
      address: '::1',
      port: 9000
    },
    Error: connect ECONNREFUSED 127.0.0.1:9000
        at createConnectionError (node:net:1677:14)
        at afterConnectMultiple (node:net:1707:16)
        at TCPConnectWrap.callbackTrampoline (node:internal/async_hooks:130:17) {
      errno: -61,
      code: 'ECONNREFUSED',
      syscall: 'connect',
      address: '127.0.0.1',
      port: 9000
    }
  ]
}
AggregateError [ECONNREFUSED]: 
    at internalConnectMultiple (node:net:1139:18)
    at afterConnectMultiple (node:net:1714:7)
    at TCPConnectWrap.callbackTrampoline (node:internal/async_hooks:130:17) {
  code: 'ECONNREFUSED',
  [errors]: [
    Error: connect ECONNREFUSED ::1:9000
        at createConnectionError (node:net:1677:14)
        at afterConnectMultiple (node:net:1707:16)
        at TCPConnectWrap.callbackTrampoline (node:internal/async_hooks:130:17) {
      errno: -61,
      code: 'ECONNREFUSED',
      syscall: 'connect',
      address: '::1',
      port: 9000
    },
    Error: connect ECONNREFUSED 127.0.0.1:9000
        at createConnectionError (node:net:1677:14)
        at afterConnectMultiple (node:net:1707:16)
        at TCPConnectWrap.callbackTrampoline (node:internal/async_hooks:130:17) {
      errno: -61,
      code: 'ECONNREFUSED',
      syscall: 'connect',
      address: '127.0.0.1',
      port: 9000
    }
  ]
}
Failed to proxy http://localhost:9000/store/carts AggregateError [ECONNREFUSED]: 
    at internalConnectMultiple (node:net:1139:18)
    at afterConnectMultiple (node:net:1714:7)
    at TCPConnectWrap.callbackTrampoline (node:internal/async_hooks:130:17) {
  code: 'ECONNREFUSED',
  [errors]: [
    Error: connect ECONNREFUSED ::1:9000
        at createConnectionError (node:net:1677:14)
        at afterConnectMultiple (node:net:1707:16)
        at TCPConnectWrap.callbackTrampoline (node:internal/async_hooks:130:17) {
      errno: -61,
      code: 'ECONNREFUSED',
      syscall: 'connect',
      address: '::1',
      port: 9000
    },
    Error: connect ECONNREFUSED 127.0.0.1:9000
        at createConnectionError (node:net:1677:14)
        at afterConnectMultiple (node:net:1707:16)
        at TCPConnectWrap.callbackTrampoline (node:internal/async_hooks:130:17) {
      errno: -61,
      code: 'ECONNREFUSED',
      syscall: 'connect',
      address: '127.0.0.1',
      port: 9000
    }
  ]
}
AggregateError [ECONNREFUSED]: 
    at internalConnectMultiple (node:net:1139:18)
    at afterConnectMultiple (node:net:1714:7)
    at TCPConnectWrap.callbackTrampoline (node:internal/async_hooks:130:17) {
  code: 'ECONNREFUSED',
  [errors]: [
    Error: connect ECONNREFUSED ::1:9000
        at createConnectionError (node:net:1677:14)
        at afterConnectMultiple (node:net:1707:16)
        at TCPConnectWrap.callbackTrampoline (node:internal/async_hooks:130:17) {
      errno: -61,
      code: 'ECONNREFUSED',
      syscall: 'connect',
      address: '::1',
      port: 9000
    },
    Error: connect ECONNREFUSED 127.0.0.1:9000
        at createConnectionError (node:net:1677:14)
        at afterConnectMultiple (node:net:1707:16)
        at TCPConnectWrap.callbackTrampoline (node:internal/async_hooks:130:17) {
      errno: -61,
      code: 'ECONNREFUSED',
      syscall: 'connect',
      address: '127.0.0.1',
      port: 9000
    }
  ]
}
Failed to proxy http://localhost:9000/store/carts AggregateError [ECONNREFUSED]: 
    at internalConnectMultiple (node:net:1139:18)
    at afterConnectMultiple (node:net:1714:7)
    at TCPConnectWrap.callbackTrampoline (node:internal/async_hooks:130:17) {
  code: 'ECONNREFUSED',
  [errors]: [
    Error: connect ECONNREFUSED ::1:9000
        at createConnectionError (node:net:1677:14)
        at afterConnectMultiple (node:net:1707:16)
        at TCPConnectWrap.callbackTrampoline (node:internal/async_hooks:130:17) {
      errno: -61,
      code: 'ECONNREFUSED',
      syscall: 'connect',
      address: '::1',
      port: 9000
    },
    Error: connect ECONNREFUSED 127.0.0.1:9000
        at createConnectionError (node:net:1677:14)
        at afterConnectMultiple (node:net:1707:16)
        at TCPConnectWrap.callbackTrampoline (node:internal/async_hooks:130:17) {
      errno: -61,
      code: 'ECONNREFUSED',
      syscall: 'connect',
      address: '127.0.0.1',
      port: 9000
    }
  ]
}
AggregateError [ECONNREFUSED]: 
    at internalConnectMultiple (node:net:1139:18)
    at afterConnectMultiple (node:net:1714:7)
    at TCPConnectWrap.callbackTrampoline (node:internal/async_hooks:130:17) {
  code: 'ECONNREFUSED',
  [errors]: [
    Error: connect ECONNREFUSED ::1:9000
        at createConnectionError (node:net:1677:14)
        at afterConnectMultiple (node:net:1707:16)
        at TCPConnectWrap.callbackTrampoline (node:internal/async_hooks:130:17) {
      errno: -61,
      code: 'ECONNREFUSED',
      syscall: 'connect',
      address: '::1',
      port: 9000
    },
    Error: connect ECONNREFUSED 127.0.0.1:9000
        at createConnectionError (node:net:1677:14)
        at afterConnectMultiple (node:net:1707:16)
        at TCPConnectWrap.callbackTrampoline (node:internal/async_hooks:130:17) {
      errno: -61,
      code: 'ECONNREFUSED',
      syscall: 'connect',
      address: '127.0.0.1',
      port: 9000
    }
  ]
}
Failed to proxy http://localhost:9000/store/carts/cart_hoaLUcy3 AggregateError [ECONNREFUSED]: 
    at internalConnectMultiple (node:net:1139:18)
    at afterConnectMultiple (node:net:1714:7)
    at TCPConnectWrap.callbackTrampoline (node:internal/async_hooks:130:17) {
  code: 'ECONNREFUSED',
  [errors]: [
    Error: connect ECONNREFUSED ::1:9000
        at createConnectionError (node:net:1677:14)
        at afterConnectMultiple (node:net:1707:16)
        at TCPConnectWrap.callbackTrampoline (node:internal/async_hooks:130:17) {
      errno: -61,
      code: 'ECONNREFUSED',
      syscall: 'connect',
      address: '::1',
      port: 9000
    },
    Error: connect ECONNREFUSED 127.0.0.1:9000
        at createConnectionError (node:net:1677:14)
        at afterConnectMultiple (node:net:1707:16)
        at TCPConnectWrap.callbackTrampoline (node:internal/async_hooks:130:17) {
      errno: -61,
      code: 'ECONNREFUSED',
      syscall: 'connect',
      address: '127.0.0.1',
      port: 9000
    }
  ]
}
AggregateError [ECONNREFUSED]: 
    at internalConnectMultiple (node:net:1139:18)
    at afterConnectMultiple (node:net:1714:7)
    at TCPConnectWrap.callbackTrampoline (node:internal/async_hooks:130:17) {
  code: 'ECONNREFUSED',
  [errors]: [
    Error: connect ECONNREFUSED ::1:9000
        at createConnectionError (node:net:1677:14)
        at afterConnectMultiple (node:net:1707:16)
        at TCPConnectWrap.callbackTrampoline (node:internal/async_hooks:130:17) {
      errno: -61,
      code: 'ECONNREFUSED',
      syscall: 'connect',
      address: '::1',
      port: 9000
    },
    Error: connect ECONNREFUSED 127.0.0.1:9000
        at createConnectionError (node:net:1677:14)
        at afterConnectMultiple (node:net:1707:16)
        at TCPConnectWrap.callbackTrampoline (node:internal/async_hooks:130:17) {
      errno: -61,
      code: 'ECONNREFUSED',
      syscall: 'connect',
      address: '127.0.0.1',
      port: 9000
    }
  ]
}
Failed to proxy http://localhost:9000/store/carts/cart_hoaLUcy3 AggregateError [ECONNREFUSED]: 
    at internalConnectMultiple (node:net:1139:18)
    at afterConnectMultiple (node:net:1714:7)
    at TCPConnectWrap.callbackTrampoline (node:internal/async_hooks:130:17) {
  code: 'ECONNREFUSED',
  [errors]: [
    Error: connect ECONNREFUSED ::1:9000
        at createConnectionError (node:net:1677:14)
        at afterConnectMultiple (node:net:1707:16)
        at TCPConnectWrap.callbackTrampoline (node:internal/async_hooks:130:17) {
      errno: -61,
      code: 'ECONNREFUSED',
      syscall: 'connect',
      address: '::1',
      port: 9000
    },
    Error: connect ECONNREFUSED 127.0.0.1:9000
        at createConnectionError (node:net:1677:14)
        at afterConnectMultiple (node:net:1707:16)
        at TCPConnectWrap.callbackTrampoline (node:internal/async_hooks:130:17) {
      errno: -61,
      code: 'ECONNREFUSED',
      syscall: 'connect',
      address: '127.0.0.1',
      port: 9000
    }
  ]
}
AggregateError [ECONNREFUSED]: 
    at internalConnectMultiple (node:net:1139:18)
    at afterConnectMultiple (node:net:1714:7)
    at TCPConnectWrap.callbackTrampoline (node:internal/async_hooks:130:17) {
  code: 'ECONNREFUSED',
  [errors]: [
    Error: connect ECONNREFUSED ::1:9000
        at createConnectionError (node:net:1677:14)
        at afterConnectMultiple (node:net:1707:16)
        at TCPConnectWrap.callbackTrampoline (node:internal/async_hooks:130:17) {
      errno: -61,
      code: 'ECONNREFUSED',
      syscall: 'connect',
      address: '::1',
      port: 9000
    },
    Error: connect ECONNREFUSED 127.0.0.1:9000
        at createConnectionError (node:net:1677:14)
        at afterConnectMultiple (node:net:1707:16)
        at TCPConnectWrap.callbackTrampoline (node:internal/async_hooks:130:17) {
      errno: -61,
      code: 'ECONNREFUSED',
      syscall: 'connect',
      address: '127.0.0.1',
      port: 9000
    }
  ]
}
Failed to proxy http://localhost:9000/store/carts AggregateError [ECONNREFUSED]: 
    at internalConnectMultiple (node:net:1139:18)
    at afterConnectMultiple (node:net:1714:7)
    at TCPConnectWrap.callbackTrampoline (node:internal/async_hooks:130:17) {
  code: 'ECONNREFUSED',
  [errors]: [
    Error: connect ECONNREFUSED ::1:9000
        at createConnectionError (node:net:1677:14)
        at afterConnectMultiple (node:net:1707:16)
        at TCPConnectWrap.callbackTrampoline (node:internal/async_hooks:130:17) {
      errno: -61,
      code: 'ECONNREFUSED',
      syscall: 'connect',
      address: '::1',
      port: 9000
    },
    Error: connect ECONNREFUSED 127.0.0.1:9000
        at createConnectionError (node:net:1677:14)
        at afterConnectMultiple (node:net:1707:16)
        at TCPConnectWrap.callbackTrampoline (node:internal/async_hooks:130:17) {
      errno: -61,
      code: 'ECONNREFUSED',
      syscall: 'connect',
      address: '127.0.0.1',
      port: 9000
    }
  ]
}
AggregateError [ECONNREFUSED]: 
    at internalConnectMultiple (node:net:1139:18)
    at afterConnectMultiple (node:net:1714:7)
    at TCPConnectWrap.callbackTrampoline (node:internal/async_hooks:130:17) {
  code: 'ECONNREFUSED',
  [errors]: [
    Error: connect ECONNREFUSED ::1:9000
        at createConnectionError (node:net:1677:14)
        at afterConnectMultiple (node:net:1707:16)
        at TCPConnectWrap.callbackTrampoline (node:internal/async_hooks:130:17) {
      errno: -61,
      code: 'ECONNREFUSED',
      syscall: 'connect',
      address: '::1',
      port: 9000
    },
    Error: connect ECONNREFUSED 127.0.0.1:9000
        at createConnectionError (node:net:1677:14)
        at afterConnectMultiple (node:net:1707:16)
        at TCPConnectWrap.callbackTrampoline (node:internal/async_hooks:130:17) {
      errno: -61,
      code: 'ECONNREFUSED',
      syscall: 'connect',
      address: '127.0.0.1',
      port: 9000
    }
  ]
}
Failed to proxy http://localhost:9000/store/carts AggregateError [ECONNREFUSED]: 
    at internalConnectMultiple (node:net:1139:18)
    at afterConnectMultiple (node:net:1714:7)
    at TCPConnectWrap.callbackTrampoline (node:internal/async_hooks:130:17) {
  code: 'ECONNREFUSED',
  [errors]: [
    Error: connect ECONNREFUSED ::1:9000
        at createConnectionError (node:net:1677:14)
        at afterConnectMultiple (node:net:1707:16)
        at TCPConnectWrap.callbackTrampoline (node:internal/async_hooks:130:17) {
      errno: -61,
      code: 'ECONNREFUSED',
      syscall: 'connect',
      address: '::1',
      port: 9000
    },
    Error: connect ECONNREFUSED 127.0.0.1:9000
        at createConnectionError (node:net:1677:14)
        at afterConnectMultiple (node:net:1707:16)
        at TCPConnectWrap.callbackTrampoline (node:internal/async_hooks:130:17) {
      errno: -61,
      code: 'ECONNREFUSED',
      syscall: 'connect',
      address: '127.0.0.1',
      port: 9000
    }
  ]
}
AggregateError [ECONNREFUSED]: 
    at internalConnectMultiple (node:net:1139:18)
    at afterConnectMultiple (node:net:1714:7)
    at TCPConnectWrap.callbackTrampoline (node:internal/async_hooks:130:17) {
  code: 'ECONNREFUSED',
  [errors]: [
    Error: connect ECONNREFUSED ::1:9000
        at createConnectionError (node:net:1677:14)
        at afterConnectMultiple (node:net:1707:16)
        at TCPConnectWrap.callbackTrampoline (node:internal/async_hooks:130:17) {
      errno: -61,
      code: 'ECONNREFUSED',
      syscall: 'connect',
      address: '::1',
      port: 9000
    },
    Error: connect ECONNREFUSED 127.0.0.1:9000
        at createConnectionError (node:net:1677:14)
        at afterConnectMultiple (node:net:1707:16)
        at TCPConnectWrap.callbackTrampoline (node:internal/async_hooks:130:17) {
      errno: -61,
      code: 'ECONNREFUSED',
      syscall: 'connect',
      address: '127.0.0.1',
      port: 9000
    }
  ]
}
Failed to proxy http://localhost:9000/store/carts AggregateError [ECONNREFUSED]: 
    at internalConnectMultiple (node:net:1139:18)
    at afterConnectMultiple (node:net:1714:7)
    at TCPConnectWrap.callbackTrampoline (node:internal/async_hooks:130:17) {
  code: 'ECONNREFUSED',
  [errors]: [
    Error: connect ECONNREFUSED ::1:9000
        at createConnectionError (node:net:1677:14)
        at afterConnectMultiple (node:net:1707:16)
        at TCPConnectWrap.callbackTrampoline (node:internal/async_hooks:130:17) {
      errno: -61,
      code: 'ECONNREFUSED',
      syscall: 'connect',
      address: '::1',
      port: 9000
    },
    Error: connect ECONNREFUSED 127.0.0.1:9000
        at createConnectionError (node:net:1677:14)
        at afterConnectMultiple (node:net:1707:16)
        at TCPConnectWrap.callbackTrampoline (node:internal/async_hooks:130:17) {
      errno: -61,
      code: 'ECONNREFUSED',
      syscall: 'connect',
      address: '127.0.0.1',
      port: 9000
    }
  ]
}
AggregateError [ECONNREFUSED]: 
    at internalConnectMultiple (node:net:1139:18)
    at afterConnectMultiple (node:net:1714:7)
    at TCPConnectWrap.callbackTrampoline (node:internal/async_hooks:130:17) {
  code: 'ECONNREFUSED',
  [errors]: [
    Error: connect ECONNREFUSED ::1:9000
        at createConnectionError (node:net:1677:14)
        at afterConnectMultiple (node:net:1707:16)
        at TCPConnectWrap.callbackTrampoline (node:internal/async_hooks:130:17) {
      errno: -61,
      code: 'ECONNREFUSED',
      syscall: 'connect',
      address: '::1',
      port: 9000
    },
    Error: connect ECONNREFUSED 127.0.0.1:9000
        at createConnectionError (node:net:1677:14)
        at afterConnectMultiple (node:net:1707:16)
        at TCPConnectWrap.callbackTrampoline (node:internal/async_hooks:130:17) {
      errno: -61,
      code: 'ECONNREFUSED',
      syscall: 'connect',
      address: '127.0.0.1',
      port: 9000
    }
  ]
}
Failed to proxy http://localhost:9000/store/carts AggregateError [ECONNREFUSED]: 
    at internalConnectMultiple (node:net:1139:18)
    at afterConnectMultiple (node:net:1714:7)
    at TCPConnectWrap.callbackTrampoline (node:internal/async_hooks:130:17) {
  code: 'ECONNREFUSED',
  [errors]: [
    Error: connect ECONNREFUSED ::1:9000
        at createConnectionError (node:net:1677:14)
        at afterConnectMultiple (node:net:1707:16)
        at TCPConnectWrap.callbackTrampoline (node:internal/async_hooks:130:17) {
      errno: -61,
      code: 'ECONNREFUSED',
      syscall: 'connect',
      address: '::1',
      port: 9000
    },
    Error: connect ECONNREFUSED 127.0.0.1:9000
        at createConnectionError (node:net:1677:14)
        at afterConnectMultiple (node:net:1707:16)
        at TCPConnectWrap.callbackTrampoline (node:internal/async_hooks:130:17) {
      errno: -61,
      code: 'ECONNREFUSED',
      syscall: 'connect',
      address: '127.0.0.1',
      port: 9000
    }
  ]
}
AggregateError [ECONNREFUSED]: 
    at internalConnectMultiple (node:net:1139:18)
    at afterConnectMultiple (node:net:1714:7)
    at TCPConnectWrap.callbackTrampoline (node:internal/async_hooks:130:17) {
  code: 'ECONNREFUSED',
  [errors]: [
    Error: connect ECONNREFUSED ::1:9000
        at createConnectionError (node:net:1677:14)
        at afterConnectMultiple (node:net:1707:16)
        at TCPConnectWrap.callbackTrampoline (node:internal/async_hooks:130:17) {
      errno: -61,
      code: 'ECONNREFUSED',
      syscall: 'connect',
      address: '::1',
      port: 9000
    },
    Error: connect ECONNREFUSED 127.0.0.1:9000
        at createConnectionError (node:net:1677:14)
        at afterConnectMultiple (node:net:1707:16)
        at TCPConnectWrap.callbackTrampoline (node:internal/async_hooks:130:17) {
      errno: -61,
      code: 'ECONNREFUSED',
      syscall: 'connect',
      address: '127.0.0.1',
      port: 9000
    }
  ]
}
Failed to proxy http://localhost:9000/store/carts/cart_5Icp6h4Q AggregateError [ECONNREFUSED]: 
    at internalConnectMultiple (node:net:1139:18)
    at afterConnectMultiple (node:net:1714:7)
    at TCPConnectWrap.callbackTrampoline (node:internal/async_hooks:130:17) {
  code: 'ECONNREFUSED',
  [errors]: [
    Error: connect ECONNREFUSED ::1:9000
        at createConnectionError (node:net:1677:14)
        at afterConnectMultiple (node:net:1707:16)
        at TCPConnectWrap.callbackTrampoline (node:internal/async_hooks:130:17) {
      errno: -61,
      code: 'ECONNREFUSED',
      syscall: 'connect',
      address: '::1',
      port: 9000
    },
    Error: connect ECONNREFUSED 127.0.0.1:9000
        at createConnectionError (node:net:1677:14)
        at afterConnectMultiple (node:net:1707:16)
        at TCPConnectWrap.callbackTrampoline (node:internal/async_hooks:130:17) {
      errno: -61,
      code: 'ECONNREFUSED',
      syscall: 'connect',
      address: '127.0.0.1',
      port: 9000
    }
  ]
}
AggregateError [ECONNREFUSED]: 
    at internalConnectMultiple (node:net:1139:18)
    at afterConnectMultiple (node:net:1714:7)
    at TCPConnectWrap.callbackTrampoline (node:internal/async_hooks:130:17) {
  code: 'ECONNREFUSED',
  [errors]: [
    Error: connect ECONNREFUSED ::1:9000
        at createConnectionError (node:net:1677:14)
        at afterConnectMultiple (node:net:1707:16)
        at TCPConnectWrap.callbackTrampoline (node:internal/async_hooks:130:17) {
      errno: -61,
      code: 'ECONNREFUSED',
      syscall: 'connect',
      address: '::1',
      port: 9000
    },
    Error: connect ECONNREFUSED 127.0.0.1:9000
        at createConnectionError (node:net:1677:14)
        at afterConnectMultiple (node:net:1707:16)
        at TCPConnectWrap.callbackTrampoline (node:internal/async_hooks:130:17) {
      errno: -61,
      code: 'ECONNREFUSED',
      syscall: 'connect',
      address: '127.0.0.1',
      port: 9000
    }
  ]
}
Failed to proxy http://localhost:9000/store/carts/cart_5Icp6h4Q AggregateError [ECONNREFUSED]: 
    at internalConnectMultiple (node:net:1139:18)
    at afterConnectMultiple (node:net:1714:7)
    at TCPConnectWrap.callbackTrampoline (node:internal/async_hooks:130:17) {
  code: 'ECONNREFUSED',
  [errors]: [
    Error: connect ECONNREFUSED ::1:9000
        at createConnectionError (node:net:1677:14)
        at afterConnectMultiple (node:net:1707:16)
        at TCPConnectWrap.callbackTrampoline (node:internal/async_hooks:130:17) {
      errno: -61,
      code: 'ECONNREFUSED',
      syscall: 'connect',
      address: '::1',
      port: 9000
    },
    Error: connect ECONNREFUSED 127.0.0.1:9000
        at createConnectionError (node:net:1677:14)
        at afterConnectMultiple (node:net:1707:16)
        at TCPConnectWrap.callbackTrampoline (node:internal/async_hooks:130:17) {
      errno: -61,
      code: 'ECONNREFUSED',
      syscall: 'connect',
      address: '127.0.0.1',
      port: 9000
    }
  ]
}
AggregateError [ECONNREFUSED]: 
    at internalConnectMultiple (node:net:1139:18)
    at afterConnectMultiple (node:net:1714:7)
    at TCPConnectWrap.callbackTrampoline (node:internal/async_hooks:130:17) {
  code: 'ECONNREFUSED',
  [errors]: [
    Error: connect ECONNREFUSED ::1:9000
        at createConnectionError (node:net:1677:14)
        at afterConnectMultiple (node:net:1707:16)
        at TCPConnectWrap.callbackTrampoline (node:internal/async_hooks:130:17) {
      errno: -61,
      code: 'ECONNREFUSED',
      syscall: 'connect',
      address: '::1',
      port: 9000
    },
    Error: connect ECONNREFUSED 127.0.0.1:9000
        at createConnectionError (node:net:1677:14)
        at afterConnectMultiple (node:net:1707:16)
        at TCPConnectWrap.callbackTrampoline (node:internal/async_hooks:130:17) {
      errno: -61,
      code: 'ECONNREFUSED',
      syscall: 'connect',
      address: '127.0.0.1',
      port: 9000
    }
  ]
}
Failed to proxy http://localhost:9000/store/carts AggregateError [ECONNREFUSED]: 
    at internalConnectMultiple (node:net:1139:18)
    at afterConnectMultiple (node:net:1714:7)
    at TCPConnectWrap.callbackTrampoline (node:internal/async_hooks:130:17) {
  code: 'ECONNREFUSED',
  [errors]: [
    Error: connect ECONNREFUSED ::1:9000
        at createConnectionError (node:net:1677:14)
        at afterConnectMultiple (node:net:1707:16)
        at TCPConnectWrap.callbackTrampoline (node:internal/async_hooks:130:17) {
      errno: -61,
      code: 'ECONNREFUSED',
      syscall: 'connect',
      address: '::1',
      port: 9000
    },
    Error: connect ECONNREFUSED 127.0.0.1:9000
        at createConnectionError (node:net:1677:14)
        at afterConnectMultiple (node:net:1707:16)
        at TCPConnectWrap.callbackTrampoline (node:internal/async_hooks:130:17) {
      errno: -61,
      code: 'ECONNREFUSED',
      syscall: 'connect',
      address: '127.0.0.1',
      port: 9000
    }
  ]
}
AggregateError [ECONNREFUSED]: 
    at internalConnectMultiple (node:net:1139:18)
    at afterConnectMultiple (node:net:1714:7)
    at TCPConnectWrap.callbackTrampoline (node:internal/async_hooks:130:17) {
  code: 'ECONNREFUSED',
  [errors]: [
    Error: connect ECONNREFUSED ::1:9000
        at createConnectionError (node:net:1677:14)
        at afterConnectMultiple (node:net:1707:16)
        at TCPConnectWrap.callbackTrampoline (node:internal/async_hooks:130:17) {
      errno: -61,
      code: 'ECONNREFUSED',
      syscall: 'connect',
      address: '::1',
      port: 9000
    },
    Error: connect ECONNREFUSED 127.0.0.1:9000
        at createConnectionError (node:net:1677:14)
        at afterConnectMultiple (node:net:1707:16)
        at TCPConnectWrap.callbackTrampoline (node:internal/async_hooks:130:17) {
      errno: -61,
      code: 'ECONNREFUSED',
      syscall: 'connect',
      address: '127.0.0.1',
      port: 9000
    }
  ]
}
Failed to proxy http://localhost:9000/store/carts AggregateError [ECONNREFUSED]: 
    at internalConnectMultiple (node:net:1139:18)
    at afterConnectMultiple (node:net:1714:7)
    at TCPConnectWrap.callbackTrampoline (node:internal/async_hooks:130:17) {
  code: 'ECONNREFUSED',
  [errors]: [
    Error: connect ECONNREFUSED ::1:9000
        at createConnectionError (node:net:1677:14)
        at afterConnectMultiple (node:net:1707:16)
        at TCPConnectWrap.callbackTrampoline (node:internal/async_hooks:130:17) {
      errno: -61,
      code: 'ECONNREFUSED',
      syscall: 'connect',
      address: '::1',
      port: 9000
    },
    Error: connect ECONNREFUSED 127.0.0.1:9000
        at createConnectionError (node:net:1677:14)
        at afterConnectMultiple (node:net:1707:16)
        at TCPConnectWrap.callbackTrampoline (node:internal/async_hooks:130:17) {
      errno: -61,
      code: 'ECONNREFUSED',
      syscall: 'connect',
      address: '127.0.0.1',
      port: 9000
    }
  ]
}
AggregateError [ECONNREFUSED]: 
    at internalConnectMultiple (node:net:1139:18)
    at afterConnectMultiple (node:net:1714:7)
    at TCPConnectWrap.callbackTrampoline (node:internal/async_hooks:130:17) {
  code: 'ECONNREFUSED',
  [errors]: [
    Error: connect ECONNREFUSED ::1:9000
        at createConnectionError (node:net:1677:14)
        at afterConnectMultiple (node:net:1707:16)
        at TCPConnectWrap.callbackTrampoline (node:internal/async_hooks:130:17) {
      errno: -61,
      code: 'ECONNREFUSED',
      syscall: 'connect',
      address: '::1',
      port: 9000
    },
    Error: connect ECONNREFUSED 127.0.0.1:9000
        at createConnectionError (node:net:1677:14)
        at afterConnectMultiple (node:net:1707:16)
        at TCPConnectWrap.callbackTrampoline (node:internal/async_hooks:130:17) {
      errno: -61,
      code: 'ECONNREFUSED',
      syscall: 'connect',
      address: '127.0.0.1',
      port: 9000
    }
  ]
}
Failed to proxy http://localhost:9000/store/carts/cart_lqkQuHmm AggregateError [ECONNREFUSED]: 
    at internalConnectMultiple (node:net:1139:18)
    at afterConnectMultiple (node:net:1714:7)
    at TCPConnectWrap.callbackTrampoline (node:internal/async_hooks:130:17) {
  code: 'ECONNREFUSED',
  [errors]: [
    Error: connect ECONNREFUSED ::1:9000
        at createConnectionError (node:net:1677:14)
        at afterConnectMultiple (node:net:1707:16)
        at TCPConnectWrap.callbackTrampoline (node:internal/async_hooks:130:17) {
      errno: -61,
      code: 'ECONNREFUSED',
      syscall: 'connect',
      address: '::1',
      port: 9000
    },
    Error: connect ECONNREFUSED 127.0.0.1:9000
        at createConnectionError (node:net:1677:14)
        at afterConnectMultiple (node:net:1707:16)
        at TCPConnectWrap.callbackTrampoline (node:internal/async_hooks:130:17) {
      errno: -61,
      code: 'ECONNREFUSED',
      syscall: 'connect',
      address: '127.0.0.1',
      port: 9000
    }
  ]
}
AggregateError [ECONNREFUSED]: 
    at internalConnectMultiple (node:net:1139:18)
    at afterConnectMultiple (node:net:1714:7)
    at TCPConnectWrap.callbackTrampoline (node:internal/async_hooks:130:17) {
  code: 'ECONNREFUSED',
  [errors]: [
    Error: connect ECONNREFUSED ::1:9000
        at createConnectionError (node:net:1677:14)
        at afterConnectMultiple (node:net:1707:16)
        at TCPConnectWrap.callbackTrampoline (node:internal/async_hooks:130:17) {
      errno: -61,
      code: 'ECONNREFUSED',
      syscall: 'connect',
      address: '::1',
      port: 9000
    },
    Error: connect ECONNREFUSED 127.0.0.1:9000
        at createConnectionError (node:net:1677:14)
        at afterConnectMultiple (node:net:1707:16)
        at TCPConnectWrap.callbackTrampoline (node:internal/async_hooks:130:17) {
      errno: -61,
      code: 'ECONNREFUSED',
      syscall: 'connect',
      address: '127.0.0.1',
      port: 9000
    }
  ]
}
Failed to proxy http://localhost:9000/store/carts/cart_lqkQuHmm AggregateError [ECONNREFUSED]: 
    at internalConnectMultiple (node:net:1139:18)
    at afterConnectMultiple (node:net:1714:7)
    at TCPConnectWrap.callbackTrampoline (node:internal/async_hooks:130:17) {
  code: 'ECONNREFUSED',
  [errors]: [
    Error: connect ECONNREFUSED ::1:9000
        at createConnectionError (node:net:1677:14)
        at afterConnectMultiple (node:net:1707:16)
        at TCPConnectWrap.callbackTrampoline (node:internal/async_hooks:130:17) {
      errno: -61,
      code: 'ECONNREFUSED',
      syscall: 'connect',
      address: '::1',
      port: 9000
    },
    Error: connect ECONNREFUSED 127.0.0.1:9000
        at createConnectionError (node:net:1677:14)
        at afterConnectMultiple (node:net:1707:16)
        at TCPConnectWrap.callbackTrampoline (node:internal/async_hooks:130:17) {
      errno: -61,
      code: 'ECONNREFUSED',
      syscall: 'connect',
      address: '127.0.0.1',
      port: 9000
    }
  ]
}
AggregateError [ECONNREFUSED]: 
    at internalConnectMultiple (node:net:1139:18)
    at afterConnectMultiple (node:net:1714:7)
    at TCPConnectWrap.callbackTrampoline (node:internal/async_hooks:130:17) {
  code: 'ECONNREFUSED',
  [errors]: [
    Error: connect ECONNREFUSED ::1:9000
        at createConnectionError (node:net:1677:14)
        at afterConnectMultiple (node:net:1707:16)
        at TCPConnectWrap.callbackTrampoline (node:internal/async_hooks:130:17) {
      errno: -61,
      code: 'ECONNREFUSED',
      syscall: 'connect',
      address: '::1',
      port: 9000
    },
    Error: connect ECONNREFUSED 127.0.0.1:9000
        at createConnectionError (node:net:1677:14)
        at afterConnectMultiple (node:net:1707:16)
        at TCPConnectWrap.callbackTrampoline (node:internal/async_hooks:130:17) {
      errno: -61,
      code: 'ECONNREFUSED',
      syscall: 'connect',
      address: '127.0.0.1',
      port: 9000
    }
  ]
}
Failed to proxy http://localhost:9000/store/carts AggregateError [ECONNREFUSED]: 
    at internalConnectMultiple (node:net:1139:18)
    at afterConnectMultiple (node:net:1714:7)
    at TCPConnectWrap.callbackTrampoline (node:internal/async_hooks:130:17) {
  code: 'ECONNREFUSED',
  [errors]: [
    Error: connect ECONNREFUSED ::1:9000
        at createConnectionError (node:net:1677:14)
        at afterConnectMultiple (node:net:1707:16)
        at TCPConnectWrap.callbackTrampoline (node:internal/async_hooks:130:17) {
      errno: -61,
      code: 'ECONNREFUSED',
      syscall: 'connect',
      address: '::1',
      port: 9000
    },
    Error: connect ECONNREFUSED 127.0.0.1:9000
        at createConnectionError (node:net:1677:14)
        at afterConnectMultiple (node:net:1707:16)
        at TCPConnectWrap.callbackTrampoline (node:internal/async_hooks:130:17) {
      errno: -61,
      code: 'ECONNREFUSED',
      syscall: 'connect',
      address: '127.0.0.1',
      port: 9000
    }
  ]
}
AggregateError [ECONNREFUSED]: 
    at internalConnectMultiple (node:net:1139:18)
    at afterConnectMultiple (node:net:1714:7)
    at TCPConnectWrap.callbackTrampoline (node:internal/async_hooks:130:17) {
  code: 'ECONNREFUSED',
  [errors]: [
    Error: connect ECONNREFUSED ::1:9000
        at createConnectionError (node:net:1677:14)
        at afterConnectMultiple (node:net:1707:16)
        at TCPConnectWrap.callbackTrampoline (node:internal/async_hooks:130:17) {
      errno: -61,
      code: 'ECONNREFUSED',
      syscall: 'connect',
      address: '::1',
      port: 9000
    },
    Error: connect ECONNREFUSED 127.0.0.1:9000
        at createConnectionError (node:net:1677:14)
        at afterConnectMultiple (node:net:1707:16)
        at TCPConnectWrap.callbackTrampoline (node:internal/async_hooks:130:17) {
      errno: -61,
      code: 'ECONNREFUSED',
      syscall: 'connect',
      address: '127.0.0.1',
      port: 9000
    }
  ]
}
Failed to proxy http://localhost:9000/store/carts AggregateError [ECONNREFUSED]: 
    at internalConnectMultiple (node:net:1139:18)
    at afterConnectMultiple (node:net:1714:7)
    at TCPConnectWrap.callbackTrampoline (node:internal/async_hooks:130:17) {
  code: 'ECONNREFUSED',
  [errors]: [
    Error: connect ECONNREFUSED ::1:9000
        at createConnectionError (node:net:1677:14)
        at afterConnectMultiple (node:net:1707:16)
        at TCPConnectWrap.callbackTrampoline (node:internal/async_hooks:130:17) {
      errno: -61,
      code: 'ECONNREFUSED',
      syscall: 'connect',
      address: '::1',
      port: 9000
    },
    Error: connect ECONNREFUSED 127.0.0.1:9000
        at createConnectionError (node:net:1677:14)
        at afterConnectMultiple (node:net:1707:16)
        at TCPConnectWrap.callbackTrampoline (node:internal/async_hooks:130:17) {
      errno: -61,
      code: 'ECONNREFUSED',
      syscall: 'connect',
      address: '127.0.0.1',
      port: 9000
    }
  ]
}
AggregateError [ECONNREFUSED]: 
    at internalConnectMultiple (node:net:1139:18)
    at afterConnectMultiple (node:net:1714:7)
    at TCPConnectWrap.callbackTrampoline (node:internal/async_hooks:130:17) {
  code: 'ECONNREFUSED',
  [errors]: [
    Error: connect ECONNREFUSED ::1:9000
        at createConnectionError (node:net:1677:14)
        at afterConnectMultiple (node:net:1707:16)
        at TCPConnectWrap.callbackTrampoline (node:internal/async_hooks:130:17) {
      errno: -61,
      code: 'ECONNREFUSED',
      syscall: 'connect',
      address: '::1',
      port: 9000
    },
    Error: connect ECONNREFUSED 127.0.0.1:9000
        at createConnectionError (node:net:1677:14)
        at afterConnectMultiple (node:net:1707:16)
        at TCPConnectWrap.callbackTrampoline (node:internal/async_hooks:130:17) {
      errno: -61,
      code: 'ECONNREFUSED',
      syscall: 'connect',
      address: '127.0.0.1',
      port: 9000
    }
  ]
}
Failed to proxy http://localhost:9000/store/carts/cart_yC9P3AsK AggregateError [ECONNREFUSED]: 
    at internalConnectMultiple (node:net:1139:18)
    at afterConnectMultiple (node:net:1714:7)
    at TCPConnectWrap.callbackTrampoline (node:internal/async_hooks:130:17) {
  code: 'ECONNREFUSED',
  [errors]: [
    Error: connect ECONNREFUSED ::1:9000
        at createConnectionError (node:net:1677:14)
        at afterConnectMultiple (node:net:1707:16)
        at TCPConnectWrap.callbackTrampoline (node:internal/async_hooks:130:17) {
      errno: -61,
      code: 'ECONNREFUSED',
      syscall: 'connect',
      address: '::1',
      port: 9000
    },
    Error: connect ECONNREFUSED 127.0.0.1:9000
        at createConnectionError (node:net:1677:14)
        at afterConnectMultiple (node:net:1707:16)
        at TCPConnectWrap.callbackTrampoline (node:internal/async_hooks:130:17) {
      errno: -61,
      code: 'ECONNREFUSED',
      syscall: 'connect',
      address: '127.0.0.1',
      port: 9000
    }
  ]
}
AggregateError [ECONNREFUSED]: 
    at internalConnectMultiple (node:net:1139:18)
    at afterConnectMultiple (node:net:1714:7)
    at TCPConnectWrap.callbackTrampoline (node:internal/async_hooks:130:17) {
  code: 'ECONNREFUSED',
  [errors]: [
    Error: connect ECONNREFUSED ::1:9000
        at createConnectionError (node:net:1677:14)
        at afterConnectMultiple (node:net:1707:16)
        at TCPConnectWrap.callbackTrampoline (node:internal/async_hooks:130:17) {
      errno: -61,
      code: 'ECONNREFUSED',
      syscall: 'connect',
      address: '::1',
      port: 9000
    },
    Error: connect ECONNREFUSED 127.0.0.1:9000
        at createConnectionError (node:net:1677:14)
        at afterConnectMultiple (node:net:1707:16)
        at TCPConnectWrap.callbackTrampoline (node:internal/async_hooks:130:17) {
      errno: -61,
      code: 'ECONNREFUSED',
      syscall: 'connect',
      address: '127.0.0.1',
      port: 9000
    }
  ]
}
Failed to proxy http://localhost:9000/store/carts/cart_yC9P3AsK AggregateError [ECONNREFUSED]: 
    at internalConnectMultiple (node:net:1139:18)
    at afterConnectMultiple (node:net:1714:7)
    at TCPConnectWrap.callbackTrampoline (node:internal/async_hooks:130:17) {
  code: 'ECONNREFUSED',
  [errors]: [
    Error: connect ECONNREFUSED ::1:9000
        at createConnectionError (node:net:1677:14)
        at afterConnectMultiple (node:net:1707:16)
        at TCPConnectWrap.callbackTrampoline (node:internal/async_hooks:130:17) {
      errno: -61,
      code: 'ECONNREFUSED',
      syscall: 'connect',
      address: '::1',
      port: 9000
    },
    Error: connect ECONNREFUSED 127.0.0.1:9000
        at createConnectionError (node:net:1677:14)
        at afterConnectMultiple (node:net:1707:16)
        at TCPConnectWrap.callbackTrampoline (node:internal/async_hooks:130:17) {
      errno: -61,
      code: 'ECONNREFUSED',
      syscall: 'connect',
      address: '127.0.0.1',
      port: 9000
    }
  ]
}
AggregateError [ECONNREFUSED]: 
    at internalConnectMultiple (node:net:1139:18)
    at afterConnectMultiple (node:net:1714:7)
    at TCPConnectWrap.callbackTrampoline (node:internal/async_hooks:130:17) {
  code: 'ECONNREFUSED',
  [errors]: [
    Error: connect ECONNREFUSED ::1:9000
        at createConnectionError (node:net:1677:14)
        at afterConnectMultiple (node:net:1707:16)
        at TCPConnectWrap.callbackTrampoline (node:internal/async_hooks:130:17) {
      errno: -61,
      code: 'ECONNREFUSED',
      syscall: 'connect',
      address: '::1',
      port: 9000
    },
    Error: connect ECONNREFUSED 127.0.0.1:9000
        at createConnectionError (node:net:1677:14)
        at afterConnectMultiple (node:net:1707:16)
        at TCPConnectWrap.callbackTrampoline (node:internal/async_hooks:130:17) {
      errno: -61,
      code: 'ECONNREFUSED',
      syscall: 'connect',
      address: '127.0.0.1',
      port: 9000
    }
  ]
}
Failed to proxy http://localhost:9000/store/carts AggregateError [ECONNREFUSED]: 
    at internalConnectMultiple (node:net:1139:18)
    at afterConnectMultiple (node:net:1714:7)
    at TCPConnectWrap.callbackTrampoline (node:internal/async_hooks:130:17) {
  code: 'ECONNREFUSED',
  [errors]: [
    Error: connect ECONNREFUSED ::1:9000
        at createConnectionError (node:net:1677:14)
        at afterConnectMultiple (node:net:1707:16)
        at TCPConnectWrap.callbackTrampoline (node:internal/async_hooks:130:17) {
      errno: -61,
      code: 'ECONNREFUSED',
      syscall: 'connect',
      address: '::1',
      port: 9000
    },
    Error: connect ECONNREFUSED 127.0.0.1:9000
        at createConnectionError (node:net:1677:14)
        at afterConnectMultiple (node:net:1707:16)
        at TCPConnectWrap.callbackTrampoline (node:internal/async_hooks:130:17) {
      errno: -61,
      code: 'ECONNREFUSED',
      syscall: 'connect',
      address: '127.0.0.1',
      port: 9000
    }
  ]
}
AggregateError [ECONNREFUSED]: 
    at internalConnectMultiple (node:net:1139:18)
    at afterConnectMultiple (node:net:1714:7)
    at TCPConnectWrap.callbackTrampoline (node:internal/async_hooks:130:17) {
  code: 'ECONNREFUSED',
  [errors]: [
    Error: connect ECONNREFUSED ::1:9000
        at createConnectionError (node:net:1677:14)
        at afterConnectMultiple (node:net:1707:16)
        at TCPConnectWrap.callbackTrampoline (node:internal/async_hooks:130:17) {
      errno: -61,
      code: 'ECONNREFUSED',
      syscall: 'connect',
      address: '::1',
      port: 9000
    },
    Error: connect ECONNREFUSED 127.0.0.1:9000
        at createConnectionError (node:net:1677:14)
        at afterConnectMultiple (node:net:1707:16)
        at TCPConnectWrap.callbackTrampoline (node:internal/async_hooks:130:17) {
      errno: -61,
      code: 'ECONNREFUSED',
      syscall: 'connect',
      address: '127.0.0.1',
      port: 9000
    }
  ]
}
Failed to proxy http://localhost:9000/store/carts AggregateError [ECONNREFUSED]: 
    at internalConnectMultiple (node:net:1139:18)
    at afterConnectMultiple (node:net:1714:7)
    at TCPConnectWrap.callbackTrampoline (node:internal/async_hooks:130:17) {
  code: 'ECONNREFUSED',
  [errors]: [
    Error: connect ECONNREFUSED ::1:9000
        at createConnectionError (node:net:1677:14)
        at afterConnectMultiple (node:net:1707:16)
        at TCPConnectWrap.callbackTrampoline (node:internal/async_hooks:130:17) {
      errno: -61,
      code: 'ECONNREFUSED',
      syscall: 'connect',
      address: '::1',
      port: 9000
    },
    Error: connect ECONNREFUSED 127.0.0.1:9000
        at createConnectionError (node:net:1677:14)
        at afterConnectMultiple (node:net:1707:16)
        at TCPConnectWrap.callbackTrampoline (node:internal/async_hooks:130:17) {
      errno: -61,
      code: 'ECONNREFUSED',
      syscall: 'connect',
      address: '127.0.0.1',
      port: 9000
    }
  ]
}
AggregateError [ECONNREFUSED]: 
    at internalConnectMultiple (node:net:1139:18)
    at afterConnectMultiple (node:net:1714:7)
    at TCPConnectWrap.callbackTrampoline (node:internal/async_hooks:130:17) {
  code: 'ECONNREFUSED',
  [errors]: [
    Error: connect ECONNREFUSED ::1:9000
        at createConnectionError (node:net:1677:14)
        at afterConnectMultiple (node:net:1707:16)
        at TCPConnectWrap.callbackTrampoline (node:internal/async_hooks:130:17) {
      errno: -61,
      code: 'ECONNREFUSED',
      syscall: 'connect',
      address: '::1',
      port: 9000
    },
    Error: connect ECONNREFUSED 127.0.0.1:9000
        at createConnectionError (node:net:1677:14)
        at afterConnectMultiple (node:net:1707:16)
        at TCPConnectWrap.callbackTrampoline (node:internal/async_hooks:130:17) {
      errno: -61,
      code: 'ECONNREFUSED',
      syscall: 'connect',
      address: '127.0.0.1',
      port: 9000
    }
  ]
}
Failed to proxy http://localhost:9000/store/carts/cart_pokxFS8P AggregateError [ECONNREFUSED]: 
    at internalConnectMultiple (node:net:1139:18)
    at afterConnectMultiple (node:net:1714:7)
    at TCPConnectWrap.callbackTrampoline (node:internal/async_hooks:130:17) {
  code: 'ECONNREFUSED',
  [errors]: [
    Error: connect ECONNREFUSED ::1:9000
        at createConnectionError (node:net:1677:14)
        at afterConnectMultiple (node:net:1707:16)
        at TCPConnectWrap.callbackTrampoline (node:internal/async_hooks:130:17) {
      errno: -61,
      code: 'ECONNREFUSED',
      syscall: 'connect',
      address: '::1',
      port: 9000
    },
    Error: connect ECONNREFUSED 127.0.0.1:9000
        at createConnectionError (node:net:1677:14)
        at afterConnectMultiple (node:net:1707:16)
        at TCPConnectWrap.callbackTrampoline (node:internal/async_hooks:130:17) {
      errno: -61,
      code: 'ECONNREFUSED',
      syscall: 'connect',
      address: '127.0.0.1',
      port: 9000
    }
  ]
}
AggregateError [ECONNREFUSED]: 
    at internalConnectMultiple (node:net:1139:18)
    at afterConnectMultiple (node:net:1714:7)
    at TCPConnectWrap.callbackTrampoline (node:internal/async_hooks:130:17) {
  code: 'ECONNREFUSED',
  [errors]: [
    Error: connect ECONNREFUSED ::1:9000
        at createConnectionError (node:net:1677:14)
        at afterConnectMultiple (node:net:1707:16)
        at TCPConnectWrap.callbackTrampoline (node:internal/async_hooks:130:17) {
      errno: -61,
      code: 'ECONNREFUSED',
      syscall: 'connect',
      address: '::1',
      port: 9000
    },
    Error: connect ECONNREFUSED 127.0.0.1:9000
        at createConnectionError (node:net:1677:14)
        at afterConnectMultiple (node:net:1707:16)
        at TCPConnectWrap.callbackTrampoline (node:internal/async_hooks:130:17) {
      errno: -61,
      code: 'ECONNREFUSED',
      syscall: 'connect',
      address: '127.0.0.1',
      port: 9000
    }
  ]
}
Failed to proxy http://localhost:9000/store/carts/cart_pokxFS8P AggregateError [ECONNREFUSED]: 
    at internalConnectMultiple (node:net:1139:18)
    at afterConnectMultiple (node:net:1714:7)
    at TCPConnectWrap.callbackTrampoline (node:internal/async_hooks:130:17) {
  code: 'ECONNREFUSED',
  [errors]: [
    Error: connect ECONNREFUSED ::1:9000
        at createConnectionError (node:net:1677:14)
        at afterConnectMultiple (node:net:1707:16)
        at TCPConnectWrap.callbackTrampoline (node:internal/async_hooks:130:17) {
      errno: -61,
      code: 'ECONNREFUSED',
      syscall: 'connect',
      address: '::1',
      port: 9000
    },
    Error: connect ECONNREFUSED 127.0.0.1:9000
        at createConnectionError (node:net:1677:14)
        at afterConnectMultiple (node:net:1707:16)
        at TCPConnectWrap.callbackTrampoline (node:internal/async_hooks:130:17) {
      errno: -61,
      code: 'ECONNREFUSED',
      syscall: 'connect',
      address: '127.0.0.1',
      port: 9000
    }
  ]
}
AggregateError [ECONNREFUSED]: 
    at internalConnectMultiple (node:net:1139:18)
    at afterConnectMultiple (node:net:1714:7)
    at TCPConnectWrap.callbackTrampoline (node:internal/async_hooks:130:17) {
  code: 'ECONNREFUSED',
  [errors]: [
    Error: connect ECONNREFUSED ::1:9000
        at createConnectionError (node:net:1677:14)
        at afterConnectMultiple (node:net:1707:16)
        at TCPConnectWrap.callbackTrampoline (node:internal/async_hooks:130:17) {
      errno: -61,
      code: 'ECONNREFUSED',
      syscall: 'connect',
      address: '::1',
      port: 9000
    },
    Error: connect ECONNREFUSED 127.0.0.1:9000
        at createConnectionError (node:net:1677:14)
        at afterConnectMultiple (node:net:1707:16)
        at TCPConnectWrap.callbackTrampoline (node:internal/async_hooks:130:17) {
      errno: -61,
      code: 'ECONNREFUSED',
      syscall: 'connect',
      address: '127.0.0.1',
      port: 9000
    }
  ]
}
Failed to proxy http://localhost:9000/store/carts AggregateError [ECONNREFUSED]: 
    at internalConnectMultiple (node:net:1139:18)
    at afterConnectMultiple (node:net:1714:7)
    at TCPConnectWrap.callbackTrampoline (node:internal/async_hooks:130:17) {
  code: 'ECONNREFUSED',
  [errors]: [
    Error: connect ECONNREFUSED ::1:9000
        at createConnectionError (node:net:1677:14)
        at afterConnectMultiple (node:net:1707:16)
        at TCPConnectWrap.callbackTrampoline (node:internal/async_hooks:130:17) {
      errno: -61,
      code: 'ECONNREFUSED',
      syscall: 'connect',
      address: '::1',
      port: 9000
    },
    Error: connect ECONNREFUSED 127.0.0.1:9000
        at createConnectionError (node:net:1677:14)
        at afterConnectMultiple (node:net:1707:16)
        at TCPConnectWrap.callbackTrampoline (node:internal/async_hooks:130:17) {
      errno: -61,
      code: 'ECONNREFUSED',
      syscall: 'connect',
      address: '127.0.0.1',
      port: 9000
    }
  ]
}
AggregateError [ECONNREFUSED]: 
    at internalConnectMultiple (node:net:1139:18)
    at afterConnectMultiple (node:net:1714:7)
    at TCPConnectWrap.callbackTrampoline (node:internal/async_hooks:130:17) {
  code: 'ECONNREFUSED',
  [errors]: [
    Error: connect ECONNREFUSED ::1:9000
        at createConnectionError (node:net:1677:14)
        at afterConnectMultiple (node:net:1707:16)
        at TCPConnectWrap.callbackTrampoline (node:internal/async_hooks:130:17) {
      errno: -61,
      code: 'ECONNREFUSED',
      syscall: 'connect',
      address: '::1',
      port: 9000
    },
    Error: connect ECONNREFUSED 127.0.0.1:9000
        at createConnectionError (node:net:1677:14)
        at afterConnectMultiple (node:net:1707:16)
        at TCPConnectWrap.callbackTrampoline (node:internal/async_hooks:130:17) {
      errno: -61,
      code: 'ECONNREFUSED',
      syscall: 'connect',
      address: '127.0.0.1',
      port: 9000
    }
  ]
}
Failed to proxy http://localhost:9000/store/carts AggregateError [ECONNREFUSED]: 
    at internalConnectMultiple (node:net:1139:18)
    at afterConnectMultiple (node:net:1714:7)
    at TCPConnectWrap.callbackTrampoline (node:internal/async_hooks:130:17) {
  code: 'ECONNREFUSED',
  [errors]: [
    Error: connect ECONNREFUSED ::1:9000
        at createConnectionError (node:net:1677:14)
        at afterConnectMultiple (node:net:1707:16)
        at TCPConnectWrap.callbackTrampoline (node:internal/async_hooks:130:17) {
      errno: -61,
      code: 'ECONNREFUSED',
      syscall: 'connect',
      address: '::1',
      port: 9000
    },
    Error: connect ECONNREFUSED 127.0.0.1:9000
        at createConnectionError (node:net:1677:14)
        at afterConnectMultiple (node:net:1707:16)
        at TCPConnectWrap.callbackTrampoline (node:internal/async_hooks:130:17) {
      errno: -61,
      code: 'ECONNREFUSED',
      syscall: 'connect',
      address: '127.0.0.1',
      port: 9000
    }
  ]
}
AggregateError [ECONNREFUSED]: 
    at internalConnectMultiple (node:net:1139:18)
    at afterConnectMultiple (node:net:1714:7)
    at TCPConnectWrap.callbackTrampoline (node:internal/async_hooks:130:17) {
  code: 'ECONNREFUSED',
  [errors]: [
    Error: connect ECONNREFUSED ::1:9000
        at createConnectionError (node:net:1677:14)
        at afterConnectMultiple (node:net:1707:16)
        at TCPConnectWrap.callbackTrampoline (node:internal/async_hooks:130:17) {
      errno: -61,
      code: 'ECONNREFUSED',
      syscall: 'connect',
      address: '::1',
      port: 9000
    },
    Error: connect ECONNREFUSED 127.0.0.1:9000
        at createConnectionError (node:net:1677:14)
        at afterConnectMultiple (node:net:1707:16)
        at TCPConnectWrap.callbackTrampoline (node:internal/async_hooks:130:17) {
      errno: -61,
      code: 'ECONNREFUSED',
      syscall: 'connect',
      address: '127.0.0.1',
      port: 9000
    }
  ]
}
Failed to proxy http://localhost:9000/store/carts AggregateError [ECONNREFUSED]: 
    at internalConnectMultiple (node:net:1139:18)
    at afterConnectMultiple (node:net:1714:7)
    at TCPConnectWrap.callbackTrampoline (node:internal/async_hooks:130:17) {
  code: 'ECONNREFUSED',
  [errors]: [
    Error: connect ECONNREFUSED ::1:9000
        at createConnectionError (node:net:1677:14)
        at afterConnectMultiple (node:net:1707:16)
        at TCPConnectWrap.callbackTrampoline (node:internal/async_hooks:130:17) {
      errno: -61,
      code: 'ECONNREFUSED',
      syscall: 'connect',
      address: '::1',
      port: 9000
    },
    Error: connect ECONNREFUSED 127.0.0.1:9000
        at createConnectionError (node:net:1677:14)
        at afterConnectMultiple (node:net:1707:16)
        at TCPConnectWrap.callbackTrampoline (node:internal/async_hooks:130:17) {
      errno: -61,
      code: 'ECONNREFUSED',
      syscall: 'connect',
      address: '127.0.0.1',
      port: 9000
    }
  ]
}
AggregateError [ECONNREFUSED]: 
    at internalConnectMultiple (node:net:1139:18)
    at afterConnectMultiple (node:net:1714:7)
    at TCPConnectWrap.callbackTrampoline (node:internal/async_hooks:130:17) {
  code: 'ECONNREFUSED',
  [errors]: [
    Error: connect ECONNREFUSED ::1:9000
        at createConnectionError (node:net:1677:14)
        at afterConnectMultiple (node:net:1707:16)
        at TCPConnectWrap.callbackTrampoline (node:internal/async_hooks:130:17) {
      errno: -61,
      code: 'ECONNREFUSED',
      syscall: 'connect',
      address: '::1',
      port: 9000
    },
    Error: connect ECONNREFUSED 127.0.0.1:9000
        at createConnectionError (node:net:1677:14)
        at afterConnectMultiple (node:net:1707:16)
        at TCPConnectWrap.callbackTrampoline (node:internal/async_hooks:130:17) {
      errno: -61,
      code: 'ECONNREFUSED',
      syscall: 'connect',
      address: '127.0.0.1',
      port: 9000
    }
  ]
}
Failed to proxy http://localhost:9000/store/carts AggregateError [ECONNREFUSED]: 
    at internalConnectMultiple (node:net:1139:18)
    at afterConnectMultiple (node:net:1714:7)
    at TCPConnectWrap.callbackTrampoline (node:internal/async_hooks:130:17) {
  code: 'ECONNREFUSED',
  [errors]: [
    Error: connect ECONNREFUSED ::1:9000
        at createConnectionError (node:net:1677:14)
        at afterConnectMultiple (node:net:1707:16)
        at TCPConnectWrap.callbackTrampoline (node:internal/async_hooks:130:17) {
      errno: -61,
      code: 'ECONNREFUSED',
      syscall: 'connect',
      address: '::1',
      port: 9000
    },
    Error: connect ECONNREFUSED 127.0.0.1:9000
        at createConnectionError (node:net:1677:14)
        at afterConnectMultiple (node:net:1707:16)
        at TCPConnectWrap.callbackTrampoline (node:internal/async_hooks:130:17) {
      errno: -61,
      code: 'ECONNREFUSED',
      syscall: 'connect',
      address: '127.0.0.1',
      port: 9000
    }
  ]
}
AggregateError [ECONNREFUSED]: 
    at internalConnectMultiple (node:net:1139:18)
    at afterConnectMultiple (node:net:1714:7)
    at TCPConnectWrap.callbackTrampoline (node:internal/async_hooks:130:17) {
  code: 'ECONNREFUSED',
  [errors]: [
    Error: connect ECONNREFUSED ::1:9000
        at createConnectionError (node:net:1677:14)
        at afterConnectMultiple (node:net:1707:16)
        at TCPConnectWrap.callbackTrampoline (node:internal/async_hooks:130:17) {
      errno: -61,
      code: 'ECONNREFUSED',
      syscall: 'connect',
      address: '::1',
      port: 9000
    },
    Error: connect ECONNREFUSED 127.0.0.1:9000
        at createConnectionError (node:net:1677:14)
        at afterConnectMultiple (node:net:1707:16)
        at TCPConnectWrap.callbackTrampoline (node:internal/async_hooks:130:17) {
      errno: -61,
      code: 'ECONNREFUSED',
      syscall: 'connect',
      address: '127.0.0.1',
      port: 9000
    }
  ]
}
 ✓ Compiled in 15.4s (925 modules)
<w> [webpack.cache.PackFileCacheStrategy] Caching failed for pack: Error: ENOENT: no such file or directory, rename '/Users/sparrowrose/backend-andmore/storefront-new/.next/cache/webpack/client-development/7.pack.gz_' -> '/Users/sparrowrose/backend-andmore/storefront-new/.next/cache/webpack/client-development/7.pack.gz'
 ✓ Compiled in 9.4s (879 modules)
 ✓ Compiled in 2.8s (879 modules)
 ✓ Compiled in 983ms (879 modules)
 ✓ Compiled in 495ms (879 modules)
 ✓ Compiled in 554ms (879 modules)
